Determining if the pthread_create exist failed with the following output:
Change Dir: /home/mapping/cartographer_ws/build_isolated/ceres-solver/install/CMakeFiles/CMakeTmp

Run Build Command:"/usr/bin/ninja" "cmTC_f794a"
[1/2] Building C object CMakeFiles/cmTC_f794a.dir/CheckSymbolExists.c.o
[2/2] Linking C executable cmTC_f794a
FAILED: cmTC_f794a 
: && /usr/bin/cc   -rdynamic CMakeFiles/cmTC_f794a.dir/CheckSymbolExists.c.o  -o cmTC_f794a   && :
CMakeFiles/cmTC_f794a.dir/CheckSymbolExists.c.o: In function `main':
CheckSymbolExists.c:(.text+0x14): undefined reference to `pthread_create'
CheckSymbolExists.c:(.text+0x18): undefined reference to `pthread_create'
collect2: error: ld returned 1 exit status
ninja: build stopped: subcommand failed.

File /home/mapping/cartographer_ws/build_isolated/ceres-solver/install/CMakeFiles/CMakeTmp/CheckSymbolExists.c:
/* */
#include <pthread.h>

int main(int argc, char** argv)
{
  (void)argv;
#ifndef pthread_create
  return ((int*)(&pthread_create))[argc];
#else
  (void)argc;
  return 0;
#endif
}

Determining if the function pthread_create exists in the pthreads failed with the following output:
Change Dir: /home/mapping/cartographer_ws/build_isolated/ceres-solver/install/CMakeFiles/CMakeTmp

Run Build Command:"/usr/bin/ninja" "cmTC_02cbb"
[1/2] Building C object CMakeFiles/cmTC_02cbb.dir/CheckFunctionExists.c.o
[2/2] Linking C executable cmTC_02cbb
FAILED: cmTC_02cbb 
: && /usr/bin/cc -DCHECK_FUNCTION_EXISTS=pthread_create  -rdynamic CMakeFiles/cmTC_02cbb.dir/CheckFunctionExists.c.o  -o cmTC_02cbb  -lpthreads && :
/usr/bin/ld: cannot find -lpthreads
collect2: error: ld returned 1 exit status
ninja: build stopped: subcommand failed.


